<?xml version="1.0" encoding="UTF-8"?>
<!-- Generated by org.testng.reporters.JUnitReportReporter -->
<testsuite hostname="DESKTOP-DQJ0P8H" failures="0" tests="2" name="com.tutorialpoint.qa.testcases.TestTutorialPoinPractice" time="51.077" errors="0" timestamp="2024-12-01T14:47:30 IST" skipped="0">
  <testcase classname="com.tutorialpoint.qa.testcases.TestTutorialPoinPractice" name="LogoTest" time="30.065"/>
  <system-out/>
  <testcase classname="com.tutorialpoint.qa.testcases.TestTutorialPoinPractice" name="tutorialpointlogin" time="21.012"/>
  <system-out/>
</testsuite> <!-- com.tutorialpoint.qa.testcases.TestTutorialPoinPractice -->
