<?xml version="1.0" encoding="UTF-8"?>
<!-- Generated by org.testng.reporters.JUnitReportReporter -->
<testsuite hostname="DESKTOP-DQJ0P8H" failures="0" tests="1" name="com.tutorialpoint.qa.testcases.FBLoginPractice" time="26.646" errors="0" timestamp="2024-12-01T15:30:35 IST" skipped="0">
  <testcase classname="com.tutorialpoint.qa.testcases.FBLoginPractice" name="facebooklogin" time="26.646"/>
  <system-out/>
</testsuite> <!-- com.tutorialpoint.qa.testcases.FBLoginPractice -->
