<?xml version="1.0" encoding="UTF-8"?>
<!-- Generated by org.testng.reporters.JUnitReportReporter -->
<testsuite hostname="DESKTOP-DQJ0P8H" failures="0" tests="2" name="com.tutorialpoint.qa.testcases.TestTutorialPointlogs" time="37.520" errors="0" timestamp="2024-12-01T14:26:02 IST" skipped="0">
  <testcase classname="com.tutorialpoint.qa.testcases.TestTutorialPointlogs" name="LogoTest" time="13.530"/>
  <system-out/>
  <testcase classname="com.tutorialpoint.qa.testcases.TestTutorialPointlogs" name="tutorialpointlogin" time="23.990"/>
  <system-out/>
</testsuite> <!-- com.tutorialpoint.qa.testcases.TestTutorialPointlogs -->
