<?xml version="1.0" encoding="UTF-8"?>
<!-- Generated by org.testng.reporters.JUnitReportReporter -->
<testsuite hostname="DESKTOP-DQJ0P8H" failures="0" tests="2" name="com.tutorialpoint.qa.testcases.TutorialPointTestcases" time="91.369" errors="0" timestamp="2024-11-26T09:14:03 IST" skipped="0">
  <testcase classname="com.tutorialpoint.qa.testcases.TutorialPointTestcases" name="Form" time="45.387"/>
  <system-out/>
  <testcase classname="com.tutorialpoint.qa.testcases.TutorialPointTestcases" name="Form" time="45.982"/>
  <system-out/>
</testsuite> <!-- com.tutorialpoint.qa.testcases.TutorialPointTestcases -->
