<?xml version="1.0" encoding="UTF-8"?>
<!-- Generated by org.testng.reporters.JUnitReportReporter -->
<testsuite hostname="DESKTOP-DQJ0P8H" failures="0" tests="1" name="com.zoho.qa.testcases.ZohoTC1" time="0.000" errors="0" timestamp="2024-11-23T12:15:28 IST" skipped="1">
  <testcase classname="com.zoho.qa.testcases.ZohoTC1" name="ZohoLogin" time="0.000">
    <skipped/>
  </testcase> <!-- ZohoLogin -->
  <system-out/>
</testsuite> <!-- com.zoho.qa.testcases.ZohoTC1 -->
