<?xml version="1.0" encoding="UTF-8"?>
<!-- Generated by org.testng.reporters.JUnitReportReporter -->
<testsuite hostname="DESKTOP-DQJ0P8H" failures="0" tests="8" name="com.tutorialpoint.qa.testcases.TestTutorialPointTestcases" time="626.287" errors="0" timestamp="2024-11-28T13:37:48 IST" skipped="0">
  <testcase classname="com.tutorialpoint.qa.testcases.TestTutorialPointTestcases" name="Form" time="92.915"/>
  <testcase classname="com.tutorialpoint.qa.testcases.TestTutorialPointTestcases" name="Form" time="116.642"/>
  <testcase classname="com.tutorialpoint.qa.testcases.TestTutorialPointTestcases" name="login" time="69.083"/>
  <testcase classname="com.tutorialpoint.qa.testcases.TestTutorialPointTestcases" name="login" time="48.123"/>
  <testcase classname="com.tutorialpoint.qa.testcases.TestTutorialPointTestcases" name="login" time="66.575"/>
  <testcase classname="com.tutorialpoint.qa.testcases.TestTutorialPointTestcases" name="Register" time="65.923"/>
  <testcase classname="com.tutorialpoint.qa.testcases.TestTutorialPointTestcases" name="Register" time="61.197"/>
  <testcase classname="com.tutorialpoint.qa.testcases.TestTutorialPointTestcases" name="Register" time="105.829"/>
</testsuite> <!-- com.tutorialpoint.qa.testcases.TestTutorialPointTestcases -->
